#
# A fatal error has been detected by the Java Runtime Environment:
#
#  EXCEPTION_ACCESS_VIOLATION (0xc0000005) at pc=0x18a4122f, pid=1160, tid=2284
#
# JRE version: 6.0_20-b02
# Java VM: Java HotSpot(TM) Client VM (16.3-b01 mixed mode windows-x86 )
# Problematic frame:
# C  0x18a4122f
#
# If you would like to submit a bug report, please visit:
#   http://java.sun.com/webapps/bugreport/crash.jsp
# The crash happened outside the Java Virtual Machine in native code.
# See problematic frame for where to report the bug.
#

---------------  T H R E A D  ---------------

Current thread (0x16b97c00):  JavaThread "Finalizer" daemon [_thread_in_native, id=2284, stack(0x16cc0000,0x16d10000)]

siginfo: ExceptionCode=0xc0000005, reading address 0x18a4122f

Registers:
EAX=0x00000001, EBX=0x1323a950, ECX=0x16d0f814, EDX=0x7c91e4f4
ESP=0x16d0f82c, EBP=0x16d0f864, ESI=0x1323a950, EDI=0x16b97c00
EIP=0x18a4122f, EFLAGS=0x00010202

Top of Stack: (sp=0x16d0f82c)
0x16d0f82c:   00969f47 16b97d10 16d0f878 00000cf0
0x16d0f83c:   16b98354 00000016 16d0f844 1323a950
0x16d0f84c:   16d0f878 1323bbb8 00000000 1323a950
0x16d0f85c:   00000000 16d0f874 16d0f89c 00962da1
0x16d0f86c:   00000000 00968269 00000cf0 07fa5338
0x16d0f87c:   16d0f87c 1323a4a4 16d0f8a4 1323bbb8
0x16d0f88c:   00000000 1323a4c8 16d0f874 16d0f8a4
0x16d0f89c:   16d0f8c8 00962da1 07fa5338 16d0f8a8 

Instructions: (pc=0x18a4122f)
0x18a4121f:   
[error occurred during error reporting (printing registers, top of stack, instructions near pc), id 0xc0000005]

Stack: [0x16cc0000,0x16d10000],  sp=0x16d0f82c,  free space=13e16d0ececk
Native frames: (J=compiled Java code, j=interpreted, Vv=VM code, C=native code)
C  0x18a4122f
j  SimpleSerialNative.close()V+12
j  SimpleSerialNative.finalize()V+5
v  ~StubRoutines::call_stub
V  [jvm.dll+0xf049c]
V  [jvm.dll+0x17fcf1]
V  [jvm.dll+0xf051d]
V  [jvm.dll+0xf9e0f]
V  [jvm.dll+0xfcb04]
C  [java.dll+0x2100]
j  java.lang.ref.Finalizer.runFinalizer()V+45
j  java.lang.ref.Finalizer.access$100(Ljava/lang/ref/Finalizer;)V+1
j  java.lang.ref.Finalizer$FinalizerThread.run()V+11
v  ~StubRoutines::call_stub
V  [jvm.dll+0xf049c]
V  [jvm.dll+0x17fcf1]
V  [jvm.dll+0xf0667]
V  [jvm.dll+0xf06dd]
V  [jvm.dll+0x11a2a0]
V  [jvm.dll+0x1ddb14]
V  [jvm.dll+0x17f96c]
C  [msvcr71.dll+0x9565]
C  [kernel32.dll+0xb713]

Java frames: (J=compiled Java code, j=interpreted, Vv=VM code)
j  SimpleSerialNative._closeSerialPort(I)V+0
j  SimpleSerialNative.close()V+12
j  SimpleSerialNative.finalize()V+5
v  ~StubRoutines::call_stub
j  java.lang.ref.Finalizer.invokeFinalizeMethod(Ljava/lang/Object;)V+0
j  java.lang.ref.Finalizer.runFinalizer()V+45
j  java.lang.ref.Finalizer.access$100(Ljava/lang/ref/Finalizer;)V+1
j  java.lang.ref.Finalizer$FinalizerThread.run()V+11
v  ~StubRoutines::call_stub

---------------  P R O C E S S  ---------------

Java Threads: ( => current thread )
  0x16ee9c00 JavaThread "AWT-EventQueue-0" [_thread_blocked, id=1696, stack(0x18de0000,0x18e30000)]
  0x16f96400 JavaThread "TimerQueue" daemon [_thread_blocked, id=2088, stack(0x18c80000,0x18cd0000)]
  0x00316c00 JavaThread "DestroyJavaVM" [_thread_blocked, id=388, stack(0x008e0000,0x00930000)]
  0x16c10400 JavaThread "AWT-Shutdown" [_thread_blocked, id=2204, stack(0x17180000,0x171d0000)]
  0x16c0d000 JavaThread "Java2D Disposer" daemon [_thread_blocked, id=3564, stack(0x17130000,0x17180000)]
  0x16bb0800 JavaThread "Low Memory Detector" daemon [_thread_blocked, id=1032, stack(0x16e00000,0x16e50000)]
  0x16baac00 JavaThread "CompilerThread0" daemon [_thread_blocked, id=3236, stack(0x16db0000,0x16e00000)]
  0x16ba9400 JavaThread "Attach Listener" daemon [_thread_blocked, id=1844, stack(0x16d60000,0x16db0000)]
  0x16ba7c00 JavaThread "Signal Dispatcher" daemon [_thread_blocked, id=3700, stack(0x16d10000,0x16d60000)]
=>0x16b97c00 JavaThread "Finalizer" daemon [_thread_in_native, id=2284, stack(0x16cc0000,0x16d10000)]
  0x16b93000 JavaThread "Reference Handler" daemon [_thread_blocked, id=1660, stack(0x16c70000,0x16cc0000)]

Other Threads:
  0x16b90400 VMThread [stack: 0x16c20000,0x16c70000] [id=3152]
  0x16bbb400 WatcherThread [stack: 0x16e50000,0x16ea0000] [id=576]

VM state:not at safepoint (normal execution)

VM Mutex/Monitor currently owned by a thread: None

Heap
 def new generation   total 4928K, used 809K [0x029e0000, 0x02f30000, 0x07f30000)
  eden space 4416K,   6% used [0x029e0000, 0x02a2a508, 0x02e30000)
  from space 512K, 100% used [0x02eb0000, 0x02f30000, 0x02f30000)
  to   space 512K,   0% used [0x02e30000, 0x02e30000, 0x02eb0000)
 tenured generation   total 10944K, used 469K [0x07f30000, 0x089e0000, 0x129e0000)
   the space 10944K,   4% used [0x07f30000, 0x07fa56c0, 0x07fa5800, 0x089e0000)
 compacting perm gen  total 12288K, used 8580K [0x129e0000, 0x135e0000, 0x169e0000)
   the space 12288K,  69% used [0x129e0000, 0x13241308, 0x13241400, 0x135e0000)
No shared spaces configured.

Dynamic libraries:
0x00400000 - 0x00424000 	C:\Archivos de programa\Java\jdk1.6.0_20\bin\java.exe
0x7c910000 - 0x7c9c5000 	C:\WINDOWS\system32\ntdll.dll
0x7c800000 - 0x7c903000 	C:\WINDOWS\system32\kernel32.dll
0x77da0000 - 0x77e4c000 	C:\WINDOWS\system32\ADVAPI32.dll
0x77e50000 - 0x77ee2000 	C:\WINDOWS\system32\RPCRT4.dll
0x77fc0000 - 0x77fd1000 	C:\WINDOWS\system32\Secur32.dll
0x7c340000 - 0x7c396000 	C:\Archivos de programa\Java\jdk1.6.0_20\jre\bin\msvcr71.dll
0x6d8b0000 - 0x6db47000 	C:\Archivos de programa\Java\jdk1.6.0_20\jre\bin\client\jvm.dll
0x7e390000 - 0x7e421000 	C:\WINDOWS\system32\USER32.dll
0x77ef0000 - 0x77f39000 	C:\WINDOWS\system32\GDI32.dll
0x76b00000 - 0x76b2e000 	C:\WINDOWS\system32\WINMM.dll
0x76340000 - 0x7635d000 	C:\WINDOWS\system32\IMM32.DLL
0x6d860000 - 0x6d86c000 	C:\Archivos de programa\Java\jdk1.6.0_20\jre\bin\verify.dll
0x6d3e0000 - 0x6d3ff000 	C:\Archivos de programa\Java\jdk1.6.0_20\jre\bin\java.dll
0x6d340000 - 0x6d348000 	C:\Archivos de programa\Java\jdk1.6.0_20\jre\bin\hpi.dll
0x76bb0000 - 0x76bbb000 	C:\WINDOWS\system32\PSAPI.DLL
0x6d8a0000 - 0x6d8af000 	C:\Archivos de programa\Java\jdk1.6.0_20\jre\bin\zip.dll
0x6d0b0000 - 0x6d1fa000 	C:\Archivos de programa\Java\jdk1.6.0_20\jre\bin\awt.dll
0x72f80000 - 0x72fa6000 	C:\WINDOWS\system32\WINSPOOL.DRV
0x77be0000 - 0x77c38000 	C:\WINDOWS\system32\msvcrt.dll
0x774b0000 - 0x775ed000 	C:\WINDOWS\system32\ole32.dll
0x773a0000 - 0x774a3000 	C:\WINDOWS\WinSxS\x86_Microsoft.Windows.Common-Controls_6595b64144ccf1df_6.0.2600.5512_x-ww_35d4ce83\COMCTL32.dll
0x77f40000 - 0x77fb6000 	C:\WINDOWS\system32\SHLWAPI.dll
0x5b150000 - 0x5b188000 	C:\WINDOWS\system32\uxtheme.dll
0x6d2e0000 - 0x6d334000 	C:\Archivos de programa\Java\jdk1.6.0_20\jre\bin\fontmanager.dll
0x746b0000 - 0x746fc000 	C:\WINDOWS\system32\MSCTF.dll
0x17260000 - 0x1726f000 	C:\Archivos de programa\Logitech\SetPoint\lgscroll.dll
0x78130000 - 0x781cb000 	C:\WINDOWS\WinSxS\x86_Microsoft.VC80.CRT_1fc8b3b9a1e18e3b_8.0.50727.4053_x-ww_e6967989\MSVCR80.dll
0x7c420000 - 0x7c4a7000 	C:\WINDOWS\WinSxS\x86_Microsoft.VC80.CRT_1fc8b3b9a1e18e3b_8.0.50727.4053_x-ww_e6967989\MSVCP80.dll
0x77660000 - 0x77681000 	C:\WINDOWS\system32\NTMARTA.DLL
0x71b90000 - 0x71ba3000 	C:\WINDOWS\system32\SAMLIB.dll
0x76f20000 - 0x76f4d000 	C:\WINDOWS\system32\WLDAP32.dll
0x75160000 - 0x7518e000 	C:\WINDOWS\system32\msctfime.ime
0x173d0000 - 0x18942000 	C:\WINDOWS\system32\shell32.dll
0x6d6c0000 - 0x6d6d3000 	C:\Archivos de programa\Java\jdk1.6.0_20\jre\bin\net.dll
0x71a30000 - 0x71a47000 	C:\WINDOWS\system32\WS2_32.dll
0x71a20000 - 0x71a28000 	C:\WINDOWS\system32\WS2HELP.dll
0x6d6e0000 - 0x6d6e9000 	C:\Archivos de programa\Java\jdk1.6.0_20\jre\bin\nio.dll
0x6d250000 - 0x6d273000 	C:\Archivos de programa\Java\jdk1.6.0_20\jre\bin\dcpr.dll

VM Arguments:
jvm_args: -Dfile.encoding=UTF-8 
java_command: Main
Launcher Type: SUN_STANDARD

Environment Variables:
PATH=C:\MCC18\mpasm;C:\MCC18\bin;C:\Archivos de programa\JavaFX\javafx-sdk1.3\bin;C:\Archivos de programa\JavaFX\javafx-sdk1.3\emulator\bin;C:\Archivos de programa\Microchip\MPLAB C32\bin;C:\WINDOWS\system32;C:\WINDOWS;C:\WINDOWS\System32\Wbem;C:\Archivos de programa\Microsoft SQL Server\100\Tools\Binn\;C:\Archivos de programa\Microsoft SQL Server\100\DTS\Binn\;C:\Archivos de programa\Microchip\MPLAB C32 Suite\bin;C:\Archivos de programa\Microchip\MPLAB IDE\VDI;C:\OrCAD\OrCAD_16.2\tools\pcb\bin;C:\OrCAD\OrCAD_16.2\tools\fet\bin;C:\OrCAD\OrCAD_16.2\tools\specctra\bin;C:\OrCAD\OrCAD_16.2\tools\PSpice;C:\OrCAD\OrCAD_16.2\tools\PSpice\Library;C:\OrCAD\OrCAD_16.2\tools\Capture;C:\OrCAD\OrCAD_16.2\tools\bin;C:\Archivos de programa\Microchip\MPLAB C30\bin;C:\OpenCV2.0\bin;C:\MCC18\mpasm;C:\MCC18\bin;
USERNAME=Administrador
OS=Windows_NT
PROCESSOR_IDENTIFIER=x86 Family 6 Model 15 Stepping 13, GenuineIntel



---------------  S Y S T E M  ---------------

OS: Windows XP Build 2600 Service Pack 3

CPU:total 2 (2 cores per cpu, 1 threads per core) family 6 model 15 stepping 13, cmov, cx8, fxsr, mmx, sse, sse2, sse3, ssse3

Memory: 4k page, physical 2096364k(1123320k free), swap 4033528k(3152008k free)

vm_info: Java HotSpot(TM) Client VM (16.3-b01) for windows-x86 JRE (1.6.0_20-b02), built on Apr 12 2010 13:52:23 by "java_re" with MS VC++ 7.1 (VS2003)

time: Sat May 22 20:27:00 2010
elapsed time: 18 seconds

